Using pre-set license
Built from '2020.3/staging' branch; Version is '2020.3.0f1 (c7b5465681fb) revision 13088070'; Using compiler version '192528614'; Build Type 'Release'
OS: 'Windows 10 Home Single Language; OS build 19042.1052; Version 2009; 64bit' Language: 'ru' Physical Memory: 8042 MB
BatchMode: 1, IsHumanControllingUs: 0, StartBugReporterOnCrash: 0, Is64bit: 1, IsPro: 0

 COMMAND LINE ARGUMENTS:
C:\Program Files\Unity\Hub\Editor\2020.3.0f1\Editor\Unity.exe
-adb2
-batchMode
-noUpm
-name
AssetImportWorker0
-projectPath
C:/Users/Gregory/Desktop/EnemyHit2D
-logFile
Logs/AssetImportWorker0.log
-srvPort
51282
Successfully changed project path to: C:/Users/Gregory/Desktop/EnemyHit2D
C:/Users/Gregory/Desktop/EnemyHit2D
Using Asset Import Pipeline V2.
Refreshing native plugins compatible for Editor in 192.72 ms, found 1 plugins.
Preloading 0 native plugins for Editor in 0.00 ms.
Initialize engine version: 2020.3.0f1 (c7b5465681fb)
[Subsystems] Discovering subsystems at path C:/Program Files/Unity/Hub/Editor/2020.3.0f1/Editor/Data/Resources/UnitySubsystems
[Subsystems] Discovering subsystems at path C:/Users/Gregory/Desktop/EnemyHit2D/Assets
GfxDevice: creating device client; threaded=0
Direct3D:
    Version:  Direct3D 11.0 [level 11.1]
    Renderer: NVIDIA GeForce MX150 (ID=0x1d12)
    Vendor:   
    VRAM:     1983 MB
    Driver:   25.21.14.1972
Initialize mono
Mono path[0] = 'C:/Program Files/Unity/Hub/Editor/2020.3.0f1/Editor/Data/Managed'
Mono path[1] = 'C:/Program Files/Unity/Hub/Editor/2020.3.0f1/Editor/Data/MonoBleedingEdge/lib/mono/unityjit'
Mono config path = 'C:/Program Files/Unity/Hub/Editor/2020.3.0f1/Editor/Data/MonoBleedingEdge/etc'
Using monoOptions --debugger-agent=transport=dt_socket,embedding=1,server=y,suspend=n,address=127.0.0.1:56064
Begin MonoManager ReloadAssembly
Registering precompiled unity dll's ...
Register platform support module: C:/Program Files/Unity/Hub/Editor/2020.3.0f1/Editor/Data/PlaybackEngines/WindowsStandaloneSupport/UnityEditor.WindowsStandalone.Extensions.dll
Registered in 0.009193 seconds.
Native extension for WindowsStandalone target not found
Refreshing native plugins compatible for Editor in 140.01 ms, found 1 plugins.
Preloading 0 native plugins for Editor in 0.00 ms.
Invoked RoslynAnalysisRunner static constructor.
RoslynAnalysisRunner will not be running.
RoslynAnalysisRunner has terminated.
Mono: successfully reloaded assembly
- Completed reload, in 15.753 seconds
Platform modules already initialized, skipping
Registering precompiled user dll's ...
Registered in 0.003627 seconds.
Begin MonoManager ReloadAssembly
Native extension for WindowsStandalone target not found
Refreshing native plugins compatible for Editor in 172.07 ms, found 1 plugins.
Preloading 0 native plugins for Editor in 0.00 ms.
Invoked RoslynAnalysisRunner static constructor.
RoslynAnalysisRunner will not be running.
RoslynAnalysisRunner has terminated.
Mono: successfully reloaded assembly
- Completed reload, in  2.954 seconds
Platform modules already initialized, skipping
========================================================================
Worker process is ready to serve import requests
Launched and connected shader compiler UnityShaderCompiler.exe after 0.17 seconds
Refreshing native plugins compatible for Editor in 0.73 ms, found 1 plugins.
Preloading 0 native plugins for Editor in 0.00 ms.
Unloading 1825 Unused Serialized files (Serialized files now loaded: 0)
System memory in use before: 85.1 MB.
System memory in use after: 85.0 MB.

Unloading 24 unused Assets to reduce memory usage. Loaded Objects now: 2268.
Total: 6.070900 ms (FindLiveObjects: 0.455200 ms CreateObjectMapping: 0.234900 ms MarkObjects: 4.963200 ms  DeleteObjects: 0.413500 ms)

========================================================================
Received Import Request.
  path: Assets/Scripts/Laser.cs
  artifactKey: Guid(eeaae84b32654dc42abe4b69750740a7) Importer(815301076,1909f56bfc062723c751e8b465ee728b)
Start importing Assets/Scripts/Laser.cs using Guid(eeaae84b32654dc42abe4b69750740a7) Importer(815301076,1909f56bfc062723c751e8b465ee728b)  -> (artifact id: 'f70fde580d328d45fb1f6df5cc55803d') in 0.127294 seconds
  Import took 0.142429 seconds .

========================================================================
Received Prepare
Registering precompiled user dll's ...
Registered in 0.002616 seconds.
Begin MonoManager ReloadAssembly
Native extension for WindowsStandalone target not found
Refreshing native plugins compatible for Editor in 0.80 ms, found 1 plugins.
Preloading 0 native plugins for Editor in 0.00 ms.
Invoked RoslynAnalysisRunner static constructor.
RoslynAnalysisRunner will not be running.
RoslynAnalysisRunner has terminated.
Mono: successfully reloaded assembly
- Completed reload, in  2.757 seconds
Platform modules already initialized, skipping
Switching build target platform(5) subTarget(0) extendedPlatform(0) -> platform(13) subTarget(537395200) extendedPlatform(0)
Refreshing native plugins compatible for Editor in 1.34 ms, found 1 plugins.
Preloading 0 native plugins for Editor in 0.00 ms.
Unloading 1823 Unused Serialized files (Serialized files now loaded: 0)
System memory in use before: 85.1 MB.
System memory in use after: 85.0 MB.

Unloading 12 unused Assets to reduce memory usage. Loaded Objects now: 2272.
Total: 4.706600 ms (FindLiveObjects: 0.377900 ms CreateObjectMapping: 0.138700 ms MarkObjects: 3.934300 ms  DeleteObjects: 0.252200 ms)

AssetImportParameters requested are different than current active one (requested -> active):
  custom:graphics/normal-map-encoding: 01000000000000000000000000000000 -> 02000000000000000000000000000000
========================================================================
Received Import Request.
  Time since last request: 799.843487 seconds.
  path: Assets/Scripts/Laser.cs
  artifactKey: Guid(eeaae84b32654dc42abe4b69750740a7) Importer(815301076,1909f56bfc062723c751e8b465ee728b)
Start importing Assets/Scripts/Laser.cs using Guid(eeaae84b32654dc42abe4b69750740a7) Importer(815301076,1909f56bfc062723c751e8b465ee728b)  -> (artifact id: 'cf2d377d93661da996cc80234e20e42d') in 0.022868 seconds
  Import took 0.033652 seconds .

========================================================================
Received Import Request.
  Time since last request: 2.004743 seconds.
  path: Assets/Scenes/BossFight.unity
  artifactKey: Guid(15cfcc0a9a9e48240a97c41eb3bad434) Importer(815301076,1909f56bfc062723c751e8b465ee728b)
Start importing Assets/Scenes/BossFight.unity using Guid(15cfcc0a9a9e48240a97c41eb3bad434) Importer(815301076,1909f56bfc062723c751e8b465ee728b)  -> (artifact id: '5b7ba3b1a5d9ac6d90636337aa99db26') in 0.059983 seconds
  Import took 0.073648 seconds .

========================================================================
Received Prepare
Registering precompiled user dll's ...
Registered in 0.004579 seconds.
Begin MonoManager ReloadAssembly
Native extension for WindowsStandalone target not found
Refreshing native plugins compatible for Editor in 1.66 ms, found 1 plugins.
Preloading 0 native plugins for Editor in 0.00 ms.
Invoked RoslynAnalysisRunner static constructor.
RoslynAnalysisRunner will not be running.
RoslynAnalysisRunner has terminated.
Mono: successfully reloaded assembly
- Completed reload, in  2.185 seconds
Platform modules already initialized, skipping
Switching build target platform(5) subTarget(0) extendedPlatform(0) -> platform(13) subTarget(537395200) extendedPlatform(0)
Refreshing native plugins compatible for Editor in 0.74 ms, found 1 plugins.
Preloading 0 native plugins for Editor in 0.00 ms.
Unloading 1823 Unused Serialized files (Serialized files now loaded: 0)
System memory in use before: 85.1 MB.
System memory in use after: 85.1 MB.

Unloading 12 unused Assets to reduce memory usage. Loaded Objects now: 2276.
Total: 6.620200 ms (FindLiveObjects: 0.952200 ms CreateObjectMapping: 0.248000 ms MarkObjects: 5.116300 ms  DeleteObjects: 0.299000 ms)

AssetImportParameters requested are different than current active one (requested -> active):
  custom:graphics/normal-map-encoding: 01000000000000000000000000000000 -> 02000000000000000000000000000000
========================================================================
Received Prepare
Registering precompiled user dll's ...
Registered in 0.002110 seconds.
Begin MonoManager ReloadAssembly
Native extension for WindowsStandalone target not found
Refreshing native plugins compatible for Editor in 1.50 ms, found 1 plugins.
Preloading 0 native plugins for Editor in 0.00 ms.
Invoked RoslynAnalysisRunner static constructor.
RoslynAnalysisRunner will not be running.
RoslynAnalysisRunner has terminated.
Mono: successfully reloaded assembly
- Completed reload, in  2.928 seconds
Platform modules already initialized, skipping
Switching build target platform(5) subTarget(0) extendedPlatform(0) -> platform(13) subTarget(537395200) extendedPlatform(0)
Refreshing native plugins compatible for Editor in 1.34 ms, found 1 plugins.
Preloading 0 native plugins for Editor in 0.00 ms.
Unloading 1823 Unused Serialized files (Serialized files now loaded: 0)
System memory in use before: 85.1 MB.
System memory in use after: 85.1 MB.

Unloading 12 unused Assets to reduce memory usage. Loaded Objects now: 2280.
Total: 5.823100 ms (FindLiveObjects: 0.570300 ms CreateObjectMapping: 0.287400 ms MarkObjects: 4.683200 ms  DeleteObjects: 0.279600 ms)

AssetImportParameters requested are different than current active one (requested -> active):
  custom:graphics/normal-map-encoding: 01000000000000000000000000000000 -> 02000000000000000000000000000000
========================================================================
Received Prepare
Registering precompiled user dll's ...
Registered in 0.002915 seconds.
Begin MonoManager ReloadAssembly
Native extension for WindowsStandalone target not found
Refreshing native plugins compatible for Editor in 0.78 ms, found 1 plugins.
Preloading 0 native plugins for Editor in 0.00 ms.
Invoked RoslynAnalysisRunner static constructor.
RoslynAnalysisRunner will not be running.
RoslynAnalysisRunner has terminated.
Mono: successfully reloaded assembly
- Completed reload, in  2.605 seconds
Platform modules already initialized, skipping
Switching build target platform(5) subTarget(0) extendedPlatform(0) -> platform(13) subTarget(537395200) extendedPlatform(0)
Refreshing native plugins compatible for Editor in 0.84 ms, found 1 plugins.
Preloading 0 native plugins for Editor in 0.00 ms.
Unloading 1822 Unused Serialized files (Serialized files now loaded: 0)
System memory in use before: 85.1 MB.
System memory in use after: 85.1 MB.

Unloading 13 unused Assets to reduce memory usage. Loaded Objects now: 2283.
Total: 4.907700 ms (FindLiveObjects: 0.373700 ms CreateObjectMapping: 0.158300 ms MarkObjects: 4.097600 ms  DeleteObjects: 0.274700 ms)

AssetImportParameters requested are different than current active one (requested -> active):
  custom:graphics/normal-map-encoding: 01000000000000000000000000000000 -> 02000000000000000000000000000000
========================================================================
Received Prepare
Registering precompiled user dll's ...
Registered in 0.002656 seconds.
Begin MonoManager ReloadAssembly
Native extension for WindowsStandalone target not found
Refreshing native plugins compatible for Editor in 0.77 ms, found 1 plugins.
Preloading 0 native plugins for Editor in 0.00 ms.
Invoked RoslynAnalysisRunner static constructor.
RoslynAnalysisRunner will not be running.
RoslynAnalysisRunner has terminated.
Mono: successfully reloaded assembly
- Completed reload, in  2.934 seconds
Platform modules already initialized, skipping
Switching build target platform(5) subTarget(0) extendedPlatform(0) -> platform(13) subTarget(537395200) extendedPlatform(0)
Refreshing native plugins compatible for Editor in 1.00 ms, found 1 plugins.
Preloading 0 native plugins for Editor in 0.00 ms.
Unloading 1821 Unused Serialized files (Serialized files now loaded: 0)
System memory in use before: 85.1 MB.
System memory in use after: 85.1 MB.

Unloading 13 unused Assets to reduce memory usage. Loaded Objects now: 2286.
Total: 8.340800 ms (FindLiveObjects: 0.478800 ms CreateObjectMapping: 0.204500 ms MarkObjects: 7.143100 ms  DeleteObjects: 0.509700 ms)

AssetImportParameters requested are different than current active one (requested -> active):
  custom:graphics/normal-map-encoding: 01000000000000000000000000000000 -> 02000000000000000000000000000000
========================================================================
Received Prepare
Registering precompiled user dll's ...
Registered in 0.002551 seconds.
Begin MonoManager ReloadAssembly
Native extension for WindowsStandalone target not found
Refreshing native plugins compatible for Editor in 0.95 ms, found 1 plugins.
Preloading 0 native plugins for Editor in 0.00 ms.
Invoked RoslynAnalysisRunner static constructor.
RoslynAnalysisRunner will not be running.
RoslynAnalysisRunner has terminated.
Mono: successfully reloaded assembly
- Completed reload, in  2.633 seconds
Platform modules already initialized, skipping
Switching build target platform(5) subTarget(0) extendedPlatform(0) -> platform(13) subTarget(537395200) extendedPlatform(0)
Refreshing native plugins compatible for Editor in 0.93 ms, found 1 plugins.
Preloading 0 native plugins for Editor in 0.00 ms.
Unloading 1820 Unused Serialized files (Serialized files now loaded: 0)
System memory in use before: 85.1 MB.
System memory in use after: 85.1 MB.

Unloading 13 unused Assets to reduce memory usage. Loaded Objects now: 2289.
Total: 6.258200 ms (FindLiveObjects: 0.606600 ms CreateObjectMapping: 0.177900 ms MarkObjects: 5.168900 ms  DeleteObjects: 0.301400 ms)

AssetImportParameters requested are different than current active one (requested -> active):
  custom:graphics/normal-map-encoding: 01000000000000000000000000000000 -> 02000000000000000000000000000000
========================================================================
Received Prepare
Registering precompiled user dll's ...
Registered in 0.067361 seconds.
Begin MonoManager ReloadAssembly
Native extension for WindowsStandalone target not found
Refreshing native plugins compatible for Editor in 0.62 ms, found 1 plugins.
Preloading 0 native plugins for Editor in 0.00 ms.
Invoked RoslynAnalysisRunner static constructor.
RoslynAnalysisRunner will not be running.
RoslynAnalysisRunner has terminated.
Mono: successfully reloaded assembly
- Completed reload, in  1.418 seconds
Platform modules already initialized, skipping
Switching build target platform(5) subTarget(0) extendedPlatform(0) -> platform(13) subTarget(537395200) extendedPlatform(0)
Refreshing native plugins compatible for Editor in 0.44 ms, found 1 plugins.
Preloading 0 native plugins for Editor in 0.00 ms.
Unloading 1820 Unused Serialized files (Serialized files now loaded: 0)
System memory in use before: 85.1 MB.
System memory in use after: 85.1 MB.

Unloading 12 unused Assets to reduce memory usage. Loaded Objects now: 2293.
Total: 3.917500 ms (FindLiveObjects: 0.237800 ms CreateObjectMapping: 0.077100 ms MarkObjects: 2.863500 ms  DeleteObjects: 0.737700 ms)

AssetImportParameters requested are different than current active one (requested -> active):
  custom:graphics/normal-map-encoding: 01000000000000000000000000000000 -> 02000000000000000000000000000000
========================================================================
Received Prepare
Registering precompiled user dll's ...
Registered in 0.001451 seconds.
Begin MonoManager ReloadAssembly
Native extension for WindowsStandalone target not found
Refreshing native plugins compatible for Editor in 0.46 ms, found 1 plugins.
Preloading 0 native plugins for Editor in 0.00 ms.
Invoked RoslynAnalysisRunner static constructor.
RoslynAnalysisRunner will not be running.
RoslynAnalysisRunner has terminated.
Mono: successfully reloaded assembly
- Completed reload, in  1.020 seconds
Platform modules already initialized, skipping
Switching build target platform(5) subTarget(0) extendedPlatform(0) -> platform(13) subTarget(537395200) extendedPlatform(0)
Refreshing native plugins compatible for Editor in 0.41 ms, found 1 plugins.
Preloading 0 native plugins for Editor in 0.00 ms.
Unloading 1820 Unused Serialized files (Serialized files now loaded: 0)
System memory in use before: 85.1 MB.
System memory in use after: 85.1 MB.

Unloading 12 unused Assets to reduce memory usage. Loaded Objects now: 2297.
Total: 2.516000 ms (FindLiveObjects: 0.339900 ms CreateObjectMapping: 0.110200 ms MarkObjects: 1.938600 ms  DeleteObjects: 0.124200 ms)

AssetImportParameters requested are different than current active one (requested -> active):
  custom:graphics/normal-map-encoding: 01000000000000000000000000000000 -> 02000000000000000000000000000000
========================================================================
Received Import Request.
  Time since last request: 34512.269371 seconds.
  path: Assets/Scripts/LivesPanel.cs
  artifactKey: Guid(fac99dc0b6a43264ea04c677a6557e85) Importer(815301076,1909f56bfc062723c751e8b465ee728b)
Start importing Assets/Scripts/LivesPanel.cs using Guid(fac99dc0b6a43264ea04c677a6557e85) Importer(815301076,1909f56bfc062723c751e8b465ee728b)  -> (artifact id: '4492e74c1bca27d25c9a1fd19a7cfbe9') in 0.015330 seconds
  Import took 0.024787 seconds .

========================================================================
Received Import Request.
  Time since last request: 0.027804 seconds.
  path: Assets/Scripts/LivesPanel.cs
  artifactKey: Guid(fac99dc0b6a43264ea04c677a6557e85) Importer(815301076,1909f56bfc062723c751e8b465ee728b)
Start importing Assets/Scripts/LivesPanel.cs using Guid(fac99dc0b6a43264ea04c677a6557e85) Importer(815301076,1909f56bfc062723c751e8b465ee728b)  -> (artifact id: '4492e74c1bca27d25c9a1fd19a7cfbe9') in 0.004154 seconds
  Import took 0.009122 seconds .

========================================================================
Received Prepare
Registering precompiled user dll's ...
Registered in 0.001281 seconds.
Begin MonoManager ReloadAssembly
Native extension for WindowsStandalone target not found
Refreshing native plugins compatible for Editor in 0.41 ms, found 1 plugins.
Preloading 0 native plugins for Editor in 0.00 ms.
Invoked RoslynAnalysisRunner static constructor.
RoslynAnalysisRunner will not be running.
RoslynAnalysisRunner has terminated.
Mono: successfully reloaded assembly
- Completed reload, in  1.128 seconds
Platform modules already initialized, skipping
Switching build target platform(5) subTarget(0) extendedPlatform(0) -> platform(13) subTarget(537395200) extendedPlatform(0)
Refreshing native plugins compatible for Editor in 0.36 ms, found 1 plugins.
Preloading 0 native plugins for Editor in 0.00 ms.
Unloading 1819 Unused Serialized files (Serialized files now loaded: 0)
System memory in use before: 85.1 MB.
System memory in use after: 85.1 MB.

Unloading 13 unused Assets to reduce memory usage. Loaded Objects now: 2300.
Total: 2.074000 ms (FindLiveObjects: 0.154200 ms CreateObjectMapping: 0.054100 ms MarkObjects: 1.717800 ms  DeleteObjects: 0.147100 ms)

AssetImportParameters requested are different than current active one (requested -> active):
  custom:graphics/normal-map-encoding: 01000000000000000000000000000000 -> 02000000000000000000000000000000
========================================================================
Received Prepare
Registering precompiled user dll's ...
Registered in 0.001486 seconds.
Begin MonoManager ReloadAssembly
Native extension for WindowsStandalone target not found
Refreshing native plugins compatible for Editor in 0.43 ms, found 1 plugins.
Preloading 0 native plugins for Editor in 0.00 ms.
Invoked RoslynAnalysisRunner static constructor.
RoslynAnalysisRunner will not be running.
RoslynAnalysisRunner has terminated.
Mono: successfully reloaded assembly
- Completed reload, in  1.008 seconds
Platform modules already initialized, skipping
Switching build target platform(5) subTarget(0) extendedPlatform(0) -> platform(13) subTarget(537395200) extendedPlatform(0)
Refreshing native plugins compatible for Editor in 0.37 ms, found 1 plugins.
Preloading 0 native plugins for Editor in 0.00 ms.
Unloading 1819 Unused Serialized files (Serialized files now loaded: 0)
System memory in use before: 85.1 MB.
System memory in use after: 85.1 MB.

Unloading 12 unused Assets to reduce memory usage. Loaded Objects now: 2304.
Total: 2.301100 ms (FindLiveObjects: 0.238400 ms CreateObjectMapping: 0.152600 ms MarkObjects: 1.759600 ms  DeleteObjects: 0.149400 ms)

AssetImportParameters requested are different than current active one (requested -> active):
  custom:graphics/normal-map-encoding: 01000000000000000000000000000000 -> 02000000000000000000000000000000
========================================================================
Received Import Request.
  Time since last request: 437.521390 seconds.
  path: Assets/Scripts/Bullet.cs
  artifactKey: Guid(451b773d7013d5643bf6001b81c0f9cb) Importer(815301076,1909f56bfc062723c751e8b465ee728b)
Start importing Assets/Scripts/Bullet.cs using Guid(451b773d7013d5643bf6001b81c0f9cb) Importer(815301076,1909f56bfc062723c751e8b465ee728b)  -> (artifact id: 'ee9f6d09dfa8299b511815cade62d135') in 0.009415 seconds
  Import took 0.013055 seconds .

========================================================================
Received Prepare
Registering precompiled user dll's ...
Registered in 0.001595 seconds.
Begin MonoManager ReloadAssembly
Native extension for WindowsStandalone target not found
Refreshing native plugins compatible for Editor in 0.44 ms, found 1 plugins.
Preloading 0 native plugins for Editor in 0.00 ms.
Invoked RoslynAnalysisRunner static constructor.
RoslynAnalysisRunner will not be running.
RoslynAnalysisRunner has terminated.
Mono: successfully reloaded assembly
- Completed reload, in  1.058 seconds
Platform modules already initialized, skipping
Switching build target platform(5) subTarget(0) extendedPlatform(0) -> platform(13) subTarget(537395200) extendedPlatform(0)
Refreshing native plugins compatible for Editor in 0.39 ms, found 1 plugins.
Preloading 0 native plugins for Editor in 0.00 ms.
Unloading 1819 Unused Serialized files (Serialized files now loaded: 0)
System memory in use before: 85.1 MB.
System memory in use after: 85.1 MB.

Unloading 12 unused Assets to reduce memory usage. Loaded Objects now: 2308.
Total: 2.349300 ms (FindLiveObjects: 0.381300 ms CreateObjectMapping: 0.156600 ms MarkObjects: 1.698100 ms  DeleteObjects: 0.111700 ms)

AssetImportParameters requested are different than current active one (requested -> active):
  custom:graphics/normal-map-encoding: 01000000000000000000000000000000 -> 02000000000000000000000000000000
========================================================================
Received Import Request.
  Time since last request: 211.084266 seconds.
  path: Assets/Scripts/Door.cs
  artifactKey: Guid(f92252ae223a1594eb22e03acb6d3c8b) Importer(815301076,1909f56bfc062723c751e8b465ee728b)
Start importing Assets/Scripts/Door.cs using Guid(f92252ae223a1594eb22e03acb6d3c8b) Importer(815301076,1909f56bfc062723c751e8b465ee728b)  -> (artifact id: '3cbc6a7768bf9cebf3cc3a21388b308c') in 0.009597 seconds
  Import took 0.013213 seconds .

========================================================================
Received Import Request.
  Time since last request: 0.264231 seconds.
  path: Assets/Scripts/GameManager.cs
  artifactKey: Guid(ad31b046265542747ae048ad710f0f01) Importer(815301076,1909f56bfc062723c751e8b465ee728b)
Start importing Assets/Scripts/GameManager.cs using Guid(ad31b046265542747ae048ad710f0f01) Importer(815301076,1909f56bfc062723c751e8b465ee728b)  -> (artifact id: 'cd75b705bc547ad3c966a97cbc9b59c0') in 0.018602 seconds
  Import took 0.042826 seconds .

========================================================================
Received Import Request.
  Time since last request: 0.001127 seconds.
  path: Assets/Scripts/GameManager.cs
  artifactKey: Guid(ad31b046265542747ae048ad710f0f01) Importer(815301076,1909f56bfc062723c751e8b465ee728b)
Start importing Assets/Scripts/GameManager.cs using Guid(ad31b046265542747ae048ad710f0f01) Importer(815301076,1909f56bfc062723c751e8b465ee728b)  -> (artifact id: 'cd75b705bc547ad3c966a97cbc9b59c0') in 0.005296 seconds
  Import took 0.010275 seconds .

========================================================================
Received Import Request.
  Time since last request: 17.863504 seconds.
  path: Assets/Scripts/GameOverPanel.cs
  artifactKey: Guid(0a05187bf42d8154daaf40713954e8f1) Importer(815301076,1909f56bfc062723c751e8b465ee728b)
Start importing Assets/Scripts/GameOverPanel.cs using Guid(0a05187bf42d8154daaf40713954e8f1) Importer(815301076,1909f56bfc062723c751e8b465ee728b)  -> (artifact id: '99e75850ff4c96e582074bdb3a45c766') in 0.012407 seconds
  Import took 0.017772 seconds .

========================================================================
Received Import Request.
  Time since last request: 0.003955 seconds.
  path: Assets/Scripts/GameOverPanel.cs
  artifactKey: Guid(0a05187bf42d8154daaf40713954e8f1) Importer(815301076,1909f56bfc062723c751e8b465ee728b)
Start importing Assets/Scripts/GameOverPanel.cs using Guid(0a05187bf42d8154daaf40713954e8f1) Importer(815301076,1909f56bfc062723c751e8b465ee728b)  -> (artifact id: '99e75850ff4c96e582074bdb3a45c766') in 0.005626 seconds
  Import took 0.011439 seconds .

========================================================================
Received Prepare
Registering precompiled user dll's ...
Registered in 0.001218 seconds.
Begin MonoManager ReloadAssembly
Native extension for WindowsStandalone target not found
Refreshing native plugins compatible for Editor in 0.44 ms, found 1 plugins.
Preloading 0 native plugins for Editor in 0.00 ms.
Invoked RoslynAnalysisRunner static constructor.
RoslynAnalysisRunner will not be running.
RoslynAnalysisRunner has terminated.
Mono: successfully reloaded assembly
- Completed reload, in  1.141 seconds
Platform modules already initialized, skipping
Switching build target platform(5) subTarget(0) extendedPlatform(0) -> platform(13) subTarget(537395200) extendedPlatform(0)
Refreshing native plugins compatible for Editor in 0.39 ms, found 1 plugins.
Preloading 0 native plugins for Editor in 0.00 ms.
Unloading 1818 Unused Serialized files (Serialized files now loaded: 0)
System memory in use before: 85.1 MB.
System memory in use after: 85.1 MB.

Unloading 13 unused Assets to reduce memory usage. Loaded Objects now: 2311.
Total: 2.555600 ms (FindLiveObjects: 0.334300 ms CreateObjectMapping: 0.091300 ms MarkObjects: 1.969700 ms  DeleteObjects: 0.159200 ms)

AssetImportParameters requested are different than current active one (requested -> active):
  custom:graphics/normal-map-encoding: 01000000000000000000000000000000 -> 02000000000000000000000000000000
========================================================================
Received Import Request.
  Time since last request: 18.665451 seconds.
  path: Assets/Scripts/Level_1_Manager.cs
  artifactKey: Guid(9991a05ad0e4cac4ba378df6b6e5714a) Importer(815301076,1909f56bfc062723c751e8b465ee728b)
Start importing Assets/Scripts/Level_1_Manager.cs using Guid(9991a05ad0e4cac4ba378df6b6e5714a) Importer(815301076,1909f56bfc062723c751e8b465ee728b)  -> (artifact id: '195c1b2e0b722dfe5e413377439e9e2f') in 0.021462 seconds
  Import took 0.026976 seconds .

========================================================================
Received Import Request.
  Time since last request: 0.036065 seconds.
  path: Assets/Scripts/Level_1_Manager.cs
  artifactKey: Guid(9991a05ad0e4cac4ba378df6b6e5714a) Importer(815301076,1909f56bfc062723c751e8b465ee728b)
Start importing Assets/Scripts/Level_1_Manager.cs using Guid(9991a05ad0e4cac4ba378df6b6e5714a) Importer(815301076,1909f56bfc062723c751e8b465ee728b)  -> (artifact id: '195c1b2e0b722dfe5e413377439e9e2f') in 0.004123 seconds
  Import took 0.007831 seconds .

========================================================================
Received Import Request.
  Time since last request: 2.024351 seconds.
  path: Assets/Scripts/Level_2_Manager.cs
  artifactKey: Guid(281c96c4707a9544d86908695e0e1266) Importer(815301076,1909f56bfc062723c751e8b465ee728b)
Start importing Assets/Scripts/Level_2_Manager.cs using Guid(281c96c4707a9544d86908695e0e1266) Importer(815301076,1909f56bfc062723c751e8b465ee728b)  -> (artifact id: '41bd5fd1383a8d43510410dc4916f314') in 0.022716 seconds
  Import took 0.028442 seconds .

========================================================================
Received Import Request.
  Time since last request: 0.005039 seconds.
  path: Assets/Scripts/Level_2_Manager.cs
  artifactKey: Guid(281c96c4707a9544d86908695e0e1266) Importer(815301076,1909f56bfc062723c751e8b465ee728b)
Start importing Assets/Scripts/Level_2_Manager.cs using Guid(281c96c4707a9544d86908695e0e1266) Importer(815301076,1909f56bfc062723c751e8b465ee728b)  -> (artifact id: '41bd5fd1383a8d43510410dc4916f314') in 0.004843 seconds
  Import took 0.008918 seconds .

========================================================================
Received Prepare
Registering precompiled user dll's ...
Registered in 0.001162 seconds.
Begin MonoManager ReloadAssembly
Native extension for WindowsStandalone target not found
Refreshing native plugins compatible for Editor in 0.45 ms, found 1 plugins.
Preloading 0 native plugins for Editor in 0.00 ms.
Invoked RoslynAnalysisRunner static constructor.
RoslynAnalysisRunner will not be running.
RoslynAnalysisRunner has terminated.
Mono: successfully reloaded assembly
- Completed reload, in  0.988 seconds
Platform modules already initialized, skipping
Switching build target platform(5) subTarget(0) extendedPlatform(0) -> platform(13) subTarget(537395200) extendedPlatform(0)
Refreshing native plugins compatible for Editor in 0.37 ms, found 1 plugins.
Preloading 0 native plugins for Editor in 0.00 ms.
Unloading 1818 Unused Serialized files (Serialized files now loaded: 0)
System memory in use before: 85.1 MB.
System memory in use after: 85.1 MB.

Unloading 12 unused Assets to reduce memory usage. Loaded Objects now: 2315.
Total: 2.182700 ms (FindLiveObjects: 0.174700 ms CreateObjectMapping: 0.064500 ms MarkObjects: 1.834600 ms  DeleteObjects: 0.107800 ms)

AssetImportParameters requested are different than current active one (requested -> active):
  custom:graphics/normal-map-encoding: 01000000000000000000000000000000 -> 02000000000000000000000000000000
========================================================================
Received Import Request.
  Time since last request: 400.414831 seconds.
  path: Assets/Prefabs/BossPrefab.prefab
  artifactKey: Guid(f19afa30a258e894386cc983ee05a363) Importer(815301076,1909f56bfc062723c751e8b465ee728b)
Start importing Assets/Prefabs/BossPrefab.prefab using Guid(f19afa30a258e894386cc983ee05a363) Importer(815301076,1909f56bfc062723c751e8b465ee728b)  -> (artifact id: '23885d0b6b77f920ca607f3a2c618e3a') in 0.254884 seconds
  Import took 0.259356 seconds .

========================================================================
Received Import Request.
  Time since last request: 0.000440 seconds.
  path: Assets/Prefabs/LaserPrefab.prefab
  artifactKey: Guid(d83b1e68a74c16346b5842f31f9bf348) Importer(815301076,1909f56bfc062723c751e8b465ee728b)
Start importing Assets/Prefabs/LaserPrefab.prefab using Guid(d83b1e68a74c16346b5842f31f9bf348) Importer(815301076,1909f56bfc062723c751e8b465ee728b)  -> (artifact id: 'a31e6cd041a322aee2d602f42fd1b8ec') in 0.038431 seconds
  Import took 0.042013 seconds .

========================================================================
Received Import Request.
  Time since last request: 0.000397 seconds.
  path: Assets/Prefabs/TurretPrefabUp.prefab
  artifactKey: Guid(292cde6b4512ac34bb020a8087f5b9e4) Importer(815301076,1909f56bfc062723c751e8b465ee728b)
Start importing Assets/Prefabs/TurretPrefabUp.prefab using Guid(292cde6b4512ac34bb020a8087f5b9e4) Importer(815301076,1909f56bfc062723c751e8b465ee728b)  -> (artifact id: 'cae85700e9f98536a9a2babaeb711069') in 0.041061 seconds
  Import took 0.045115 seconds .

========================================================================
Received Import Request.
  Time since last request: 0.000438 seconds.
  path: Assets/Prefabs/Hammer.prefab
  artifactKey: Guid(1da2f4c3b6e35844d88c234870579565) Importer(815301076,1909f56bfc062723c751e8b465ee728b)
Start importing Assets/Prefabs/Hammer.prefab using Guid(1da2f4c3b6e35844d88c234870579565) Importer(815301076,1909f56bfc062723c751e8b465ee728b)  -> (artifact id: 'a52a00d44f050a09989ca8f75c464b95') in 0.308773 seconds
  Import took 0.312341 seconds .

========================================================================
Received Import Request.
  Time since last request: 0.000320 seconds.
  path: Assets/Prefabs/BulletPrefab.prefab
  artifactKey: Guid(c1da2764e675f2948b3f8b79366eb670) Importer(815301076,1909f56bfc062723c751e8b465ee728b)
Start importing Assets/Prefabs/BulletPrefab.prefab using Guid(c1da2764e675f2948b3f8b79366eb670) Importer(815301076,1909f56bfc062723c751e8b465ee728b)  -> (artifact id: 'a9e23ffff7ae5102880b8e2d897cc168') in 0.021587 seconds
  Import took 0.025240 seconds .

========================================================================
Received Import Request.
  Time since last request: 0.000366 seconds.
  path: Assets/Prefabs/PlayerOld.prefab
  artifactKey: Guid(5b52722493fa1704985950def8abb066) Importer(815301076,1909f56bfc062723c751e8b465ee728b)
Start importing Assets/Prefabs/PlayerOld.prefab using Guid(5b52722493fa1704985950def8abb066) Importer(815301076,1909f56bfc062723c751e8b465ee728b)  -> (artifact id: '324532549ebef5bae4b95d8229e57672') in 0.291955 seconds
  Import took 0.296787 seconds .

========================================================================
Received Import Request.
  Time since last request: 0.000283 seconds.
  path: Assets/Prefabs/TurretPrefabDown.prefab
  artifactKey: Guid(52897d3edbfc5394ca27715ecc1d5850) Importer(815301076,1909f56bfc062723c751e8b465ee728b)
Start importing Assets/Prefabs/TurretPrefabDown.prefab using Guid(52897d3edbfc5394ca27715ecc1d5850) Importer(815301076,1909f56bfc062723c751e8b465ee728b)  -> (artifact id: 'e50b774fdc00370ff6f0bf1a3c9ad53e') in 0.023973 seconds
  Import took 0.027464 seconds .

========================================================================
Received Import Request.
  Time since last request: 0.000285 seconds.
  path: Assets/Prefabs/Player.prefab
  artifactKey: Guid(1cd1947a05ff281479415403f50b501a) Importer(815301076,1909f56bfc062723c751e8b465ee728b)
Start importing Assets/Prefabs/Player.prefab using Guid(1cd1947a05ff281479415403f50b501a) Importer(815301076,1909f56bfc062723c751e8b465ee728b)  -> (artifact id: '43951acf0d0d678c9c1811717466dd78') in 0.260944 seconds
  Import took 0.264921 seconds .

========================================================================
Received Import Request.
  Time since last request: 44.609510 seconds.
  path: Assets/Prefabs/UIManager.prefab
  artifactKey: Guid(44ffe1834b8256c48a120e33dabc53e9) Importer(815301076,1909f56bfc062723c751e8b465ee728b)
Start importing Assets/Prefabs/UIManager.prefab using Guid(44ffe1834b8256c48a120e33dabc53e9) Importer(815301076,1909f56bfc062723c751e8b465ee728b)  -> (artifact id: '0d5a8507e227c705d807136295fb0ecb') in 0.035383 seconds
  Import took 0.039292 seconds .

========================================================================
Received Import Request.
  Time since last request: 10.210425 seconds.
  path: Assets/Prefabs/UIManager.prefab
  artifactKey: Guid(44ffe1834b8256c48a120e33dabc53e9) Importer(815301076,1909f56bfc062723c751e8b465ee728b)
Start importing Assets/Prefabs/UIManager.prefab using Guid(44ffe1834b8256c48a120e33dabc53e9) Importer(815301076,1909f56bfc062723c751e8b465ee728b)  -> (artifact id: 'c73f3e64fdba40aeaead84988e8eb526') in 0.006942 seconds
  Import took 0.013968 seconds .

========================================================================
Received Import Request.
  Time since last request: 16.538969 seconds.
  path: Assets/Prefabs/UIManager.prefab
  artifactKey: Guid(44ffe1834b8256c48a120e33dabc53e9) Importer(815301076,1909f56bfc062723c751e8b465ee728b)
Start importing Assets/Prefabs/UIManager.prefab using Guid(44ffe1834b8256c48a120e33dabc53e9) Importer(815301076,1909f56bfc062723c751e8b465ee728b)  -> (artifact id: '9cd503258c104316f164d2e4e3323327') in 0.008159 seconds
  Import took 0.013507 seconds .

========================================================================
Received Import Request.
  Time since last request: 16.543737 seconds.
  path: Assets/Prefabs/UIManager.prefab
  artifactKey: Guid(44ffe1834b8256c48a120e33dabc53e9) Importer(815301076,1909f56bfc062723c751e8b465ee728b)
Start importing Assets/Prefabs/UIManager.prefab using Guid(44ffe1834b8256c48a120e33dabc53e9) Importer(815301076,1909f56bfc062723c751e8b465ee728b)  -> (artifact id: 'b58598028ca8e1b33b8a7fef61bf1ff6') in 0.005766 seconds
  Import took 0.011100 seconds .

========================================================================
Received Import Request.
  Time since last request: 10.321739 seconds.
  path: Assets/Prefabs/UIManager.prefab
  artifactKey: Guid(44ffe1834b8256c48a120e33dabc53e9) Importer(815301076,1909f56bfc062723c751e8b465ee728b)
Start importing Assets/Prefabs/UIManager.prefab using Guid(44ffe1834b8256c48a120e33dabc53e9) Importer(815301076,1909f56bfc062723c751e8b465ee728b)  -> (artifact id: '25dccea3b3dc7cf7471766dda7367b58') in 0.006733 seconds
  Import took 0.013254 seconds .

========================================================================
Received Import Request.
  Time since last request: 12.507987 seconds.
  path: Assets/Prefabs/UIManager.prefab
  artifactKey: Guid(44ffe1834b8256c48a120e33dabc53e9) Importer(815301076,1909f56bfc062723c751e8b465ee728b)
Start importing Assets/Prefabs/UIManager.prefab using Guid(44ffe1834b8256c48a120e33dabc53e9) Importer(815301076,1909f56bfc062723c751e8b465ee728b)  -> (artifact id: '82ac9fcdf740dc774b07c1b7abd71525') in 0.006751 seconds
  Import took 0.010768 seconds .

========================================================================
Received Import Request.
  Time since last request: 12.715569 seconds.
  path: Assets/Prefabs/UIManager.prefab
  artifactKey: Guid(44ffe1834b8256c48a120e33dabc53e9) Importer(815301076,1909f56bfc062723c751e8b465ee728b)
Start importing Assets/Prefabs/UIManager.prefab using Guid(44ffe1834b8256c48a120e33dabc53e9) Importer(815301076,1909f56bfc062723c751e8b465ee728b)  -> (artifact id: 'db586376ddac592d414f6dea21acd5f6') in 0.007235 seconds
  Import took 0.012874 seconds .

========================================================================
Received Import Request.
  Time since last request: 25.235025 seconds.
  path: Assets/Prefabs/UIManager.prefab
  artifactKey: Guid(44ffe1834b8256c48a120e33dabc53e9) Importer(815301076,1909f56bfc062723c751e8b465ee728b)
Start importing Assets/Prefabs/UIManager.prefab using Guid(44ffe1834b8256c48a120e33dabc53e9) Importer(815301076,1909f56bfc062723c751e8b465ee728b)  -> (artifact id: '8bb9c35f8956542ae6a19a188e40bd40') in 0.006773 seconds
  Import took 0.012515 seconds .

========================================================================
Received Import Request.
  Time since last request: 5.642133 seconds.
  path: Assets/Prefabs/UIManager.prefab
  artifactKey: Guid(44ffe1834b8256c48a120e33dabc53e9) Importer(815301076,1909f56bfc062723c751e8b465ee728b)
Start importing Assets/Prefabs/UIManager.prefab using Guid(44ffe1834b8256c48a120e33dabc53e9) Importer(815301076,1909f56bfc062723c751e8b465ee728b)  -> (artifact id: '69fc4c5ede33ffb0a1109e48e87632b5') in 0.006795 seconds
  Import took 0.010574 seconds .

========================================================================
Received Import Request.
  Time since last request: 2.025298 seconds.
  path: Assets/Prefabs/UIManager.prefab
  artifactKey: Guid(44ffe1834b8256c48a120e33dabc53e9) Importer(815301076,1909f56bfc062723c751e8b465ee728b)
Start importing Assets/Prefabs/UIManager.prefab using Guid(44ffe1834b8256c48a120e33dabc53e9) Importer(815301076,1909f56bfc062723c751e8b465ee728b)  -> (artifact id: 'af5039a4a9d0bdeda434ab9c82b42ead') in 0.007032 seconds
  Import took 0.013583 seconds .

========================================================================
Received Import Request.
  Time since last request: 30.251480 seconds.
  path: Assets/Prefabs/UIManager.prefab
  artifactKey: Guid(44ffe1834b8256c48a120e33dabc53e9) Importer(815301076,1909f56bfc062723c751e8b465ee728b)
Start importing Assets/Prefabs/UIManager.prefab using Guid(44ffe1834b8256c48a120e33dabc53e9) Importer(815301076,1909f56bfc062723c751e8b465ee728b)  -> (artifact id: 'b5dcd2d7422520c585e4d66f31ac8554') in 0.006404 seconds
  Import took 0.010813 seconds .

========================================================================
Received Prepare
Registering precompiled user dll's ...
Registered in 0.003433 seconds.
Begin MonoManager ReloadAssembly
Native extension for WindowsStandalone target not found
Refreshing native plugins compatible for Editor in 0.44 ms, found 1 plugins.
Preloading 0 native plugins for Editor in 0.00 ms.
Invoked RoslynAnalysisRunner static constructor.
RoslynAnalysisRunner will not be running.
RoslynAnalysisRunner has terminated.
Mono: successfully reloaded assembly
- Completed reload, in  0.976 seconds
Platform modules already initialized, skipping
Switching build target platform(5) subTarget(0) extendedPlatform(0) -> platform(13) subTarget(537395200) extendedPlatform(0)
Refreshing native plugins compatible for Editor in 0.38 ms, found 1 plugins.
Preloading 0 native plugins for Editor in 0.00 ms.
Unloading 1818 Unused Serialized files (Serialized files now loaded: 0)
System memory in use before: 88.4 MB.
System memory in use after: 88.4 MB.

Unloading 14 unused Assets to reduce memory usage. Loaded Objects now: 2328.
Total: 7.684600 ms (FindLiveObjects: 0.623900 ms CreateObjectMapping: 0.251500 ms MarkObjects: 6.449600 ms  DeleteObjects: 0.355300 ms)

AssetImportParameters requested are different than current active one (requested -> active):
  custom:graphics/normal-map-encoding: 01000000000000000000000000000000 -> 02000000000000000000000000000000
========================================================================
Received Prepare
Registering precompiled user dll's ...
Registered in 0.001876 seconds.
Begin MonoManager ReloadAssembly
Native extension for WindowsStandalone target not found
Refreshing native plugins compatible for Editor in 0.44 ms, found 1 plugins.
Preloading 0 native plugins for Editor in 0.00 ms.
Invoked RoslynAnalysisRunner static constructor.
RoslynAnalysisRunner will not be running.
RoslynAnalysisRunner has terminated.
Mono: successfully reloaded assembly
- Completed reload, in  1.275 seconds
Platform modules already initialized, skipping
Switching build target platform(5) subTarget(0) extendedPlatform(0) -> platform(13) subTarget(537395200) extendedPlatform(0)
Refreshing native plugins compatible for Editor in 0.39 ms, found 1 plugins.
Preloading 0 native plugins for Editor in 0.00 ms.
Unloading 1818 Unused Serialized files (Serialized files now loaded: 0)
System memory in use before: 88.4 MB.
System memory in use after: 88.4 MB.

Unloading 12 unused Assets to reduce memory usage. Loaded Objects now: 2332.
Total: 2.312600 ms (FindLiveObjects: 0.193400 ms CreateObjectMapping: 0.070500 ms MarkObjects: 1.895700 ms  DeleteObjects: 0.152400 ms)

AssetImportParameters requested are different than current active one (requested -> active):
  custom:graphics/normal-map-encoding: 01000000000000000000000000000000 -> 02000000000000000000000000000000
========================================================================
Received Prepare
Registering precompiled user dll's ...
Registered in 0.001157 seconds.
Begin MonoManager ReloadAssembly
Native extension for WindowsStandalone target not found
Refreshing native plugins compatible for Editor in 0.47 ms, found 1 plugins.
Preloading 0 native plugins for Editor in 0.00 ms.
Invoked RoslynAnalysisRunner static constructor.
RoslynAnalysisRunner will not be running.
RoslynAnalysisRunner has terminated.
Mono: successfully reloaded assembly
- Completed reload, in  1.297 seconds
Platform modules already initialized, skipping
Switching build target platform(5) subTarget(0) extendedPlatform(0) -> platform(13) subTarget(537395200) extendedPlatform(0)
Refreshing native plugins compatible for Editor in 0.50 ms, found 1 plugins.
Preloading 0 native plugins for Editor in 0.00 ms.
Unloading 1818 Unused Serialized files (Serialized files now loaded: 0)
System memory in use before: 88.4 MB.
System memory in use after: 88.4 MB.

Unloading 12 unused Assets to reduce memory usage. Loaded Objects now: 2336.
Total: 5.810300 ms (FindLiveObjects: 0.497800 ms CreateObjectMapping: 0.290000 ms MarkObjects: 4.742900 ms  DeleteObjects: 0.277500 ms)

AssetImportParameters requested are different than current active one (requested -> active):
  custom:graphics/normal-map-encoding: 01000000000000000000000000000000 -> 02000000000000000000000000000000
========================================================================
Received Import Request.
  Time since last request: 1018.565414 seconds.
  path: Assets/Prefabs/BossPrefab.prefab
  artifactKey: Guid(f19afa30a258e894386cc983ee05a363) Importer(815301076,1909f56bfc062723c751e8b465ee728b)
Start importing Assets/Prefabs/BossPrefab.prefab using Guid(f19afa30a258e894386cc983ee05a363) Importer(815301076,1909f56bfc062723c751e8b465ee728b)  -> (artifact id: '43ba76ae321941d347e8ad731047e427') in 0.075929 seconds
  Import took 0.079505 seconds .

========================================================================
Received Import Request.
  Time since last request: 28.160520 seconds.
  path: Assets/Prefabs/BossPrefab.prefab
  artifactKey: Guid(f19afa30a258e894386cc983ee05a363) Importer(815301076,1909f56bfc062723c751e8b465ee728b)
Start importing Assets/Prefabs/BossPrefab.prefab using Guid(f19afa30a258e894386cc983ee05a363) Importer(815301076,1909f56bfc062723c751e8b465ee728b)  -> (artifact id: 'c9db432a361485684477407a304aec2e') in 0.020920 seconds
  Import took 0.025330 seconds .

========================================================================
Received Import Request.
  Time since last request: 2.192051 seconds.
  path: Assets/Prefabs/BossPrefab.prefab
  artifactKey: Guid(f19afa30a258e894386cc983ee05a363) Importer(815301076,1909f56bfc062723c751e8b465ee728b)
Start importing Assets/Prefabs/BossPrefab.prefab using Guid(f19afa30a258e894386cc983ee05a363) Importer(815301076,1909f56bfc062723c751e8b465ee728b)  -> (artifact id: '948c54ed44c436eaa25ae82ad97e5601') in 0.019630 seconds
  Import took 0.023662 seconds .

========================================================================
Received Import Request.
  Time since last request: 5.626911 seconds.
  path: Assets/Prefabs/BossPrefab.prefab
  artifactKey: Guid(f19afa30a258e894386cc983ee05a363) Importer(815301076,1909f56bfc062723c751e8b465ee728b)
Start importing Assets/Prefabs/BossPrefab.prefab using Guid(f19afa30a258e894386cc983ee05a363) Importer(815301076,1909f56bfc062723c751e8b465ee728b)  -> (artifact id: 'f2f9a6281e11d8060f058e0f9fb62eb8') in 0.019079 seconds
  Import took 0.024675 seconds .

========================================================================
Received Import Request.
  Time since last request: 51.183707 seconds.
  path: Assets/Scenes/TrashFight.unity
  artifactKey: Guid(42e11d4dc88f2f145b51810a10564c4a) Importer(815301076,1909f56bfc062723c751e8b465ee728b)
Start importing Assets/Scenes/TrashFight.unity using Guid(42e11d4dc88f2f145b51810a10564c4a) Importer(815301076,1909f56bfc062723c751e8b465ee728b)  -> (artifact id: '68e3aa327fc0cfc87a904f63ad4737d3') in 0.010309 seconds
  Import took 0.014751 seconds .

========================================================================
Received Prepare
Registering precompiled user dll's ...
Registered in 0.001310 seconds.
Begin MonoManager ReloadAssembly
Native extension for WindowsStandalone target not found
Refreshing native plugins compatible for Editor in 0.37 ms, found 1 plugins.
Preloading 0 native plugins for Editor in 0.00 ms.
Invoked RoslynAnalysisRunner static constructor.
RoslynAnalysisRunner will not be running.
RoslynAnalysisRunner has terminated.
Mono: successfully reloaded assembly
- Completed reload, in  1.256 seconds
Platform modules already initialized, skipping
Switching build target platform(5) subTarget(0) extendedPlatform(0) -> platform(13) subTarget(537395200) extendedPlatform(0)
Refreshing native plugins compatible for Editor in 0.42 ms, found 1 plugins.
Preloading 0 native plugins for Editor in 0.00 ms.
Unloading 1818 Unused Serialized files (Serialized files now loaded: 0)
System memory in use before: 88.5 MB.
System memory in use after: 88.4 MB.

Unloading 12 unused Assets to reduce memory usage. Loaded Objects now: 2341.
Total: 2.304700 ms (FindLiveObjects: 0.212900 ms CreateObjectMapping: 0.071800 ms MarkObjects: 1.903000 ms  DeleteObjects: 0.115700 ms)

AssetImportParameters requested are different than current active one (requested -> active):
  custom:graphics/normal-map-encoding: 01000000000000000000000000000000 -> 02000000000000000000000000000000
========================================================================
Received Import Request.
  Time since last request: 118.805461 seconds.
  path: Assets/Scenes/MainScene.unity
  artifactKey: Guid(29f413da9faca734bac7201c81f5f84e) Importer(815301076,1909f56bfc062723c751e8b465ee728b)
Start importing Assets/Scenes/MainScene.unity using Guid(29f413da9faca734bac7201c81f5f84e) Importer(815301076,1909f56bfc062723c751e8b465ee728b)  -> (artifact id: '954bf7798db82145b1e312d6beb49a37') in 0.019657 seconds
  Import took 0.023719 seconds .

========================================================================
Received Import Request.
  Time since last request: 0.003420 seconds.
  path: Assets/Scenes/MainScene.unity
  artifactKey: Guid(29f413da9faca734bac7201c81f5f84e) Importer(815301076,1909f56bfc062723c751e8b465ee728b)
Start importing Assets/Scenes/MainScene.unity using Guid(29f413da9faca734bac7201c81f5f84e) Importer(815301076,1909f56bfc062723c751e8b465ee728b)  -> (artifact id: '954bf7798db82145b1e312d6beb49a37') in 0.004728 seconds
  Import took 0.007992 seconds .

========================================================================
Received Import Request.
  Time since last request: 23.053240 seconds.
  path: Assets/Scenes/BossFight.unity
  artifactKey: Guid(15cfcc0a9a9e48240a97c41eb3bad434) Importer(815301076,1909f56bfc062723c751e8b465ee728b)
Start importing Assets/Scenes/BossFight.unity using Guid(15cfcc0a9a9e48240a97c41eb3bad434) Importer(815301076,1909f56bfc062723c751e8b465ee728b)  -> (artifact id: '4536d8305d26f93fe93130f6007244d8') in 0.010468 seconds
  Import took 0.014471 seconds .

========================================================================
Received Import Request.
  Time since last request: 19.857907 seconds.
  path: Assets/Scenes/MainScene.unity
  artifactKey: Guid(29f413da9faca734bac7201c81f5f84e) Importer(815301076,1909f56bfc062723c751e8b465ee728b)
Start importing Assets/Scenes/MainScene.unity using Guid(29f413da9faca734bac7201c81f5f84e) Importer(815301076,1909f56bfc062723c751e8b465ee728b)  -> (artifact id: 'a7ba07ccadf25ffe5316ed3ee0870395') in 0.004450 seconds
  Import took 0.010854 seconds .

========================================================================
Received Prepare
Registering precompiled user dll's ...
Registered in 0.001388 seconds.
Begin MonoManager ReloadAssembly
Native extension for WindowsStandalone target not found
Refreshing native plugins compatible for Editor in 0.62 ms, found 1 plugins.
Preloading 0 native plugins for Editor in 0.00 ms.
Invoked RoslynAnalysisRunner static constructor.
RoslynAnalysisRunner will not be running.
RoslynAnalysisRunner has terminated.
Mono: successfully reloaded assembly
- Completed reload, in  1.244 seconds
Platform modules already initialized, skipping
Switching build target platform(5) subTarget(0) extendedPlatform(0) -> platform(13) subTarget(537395200) extendedPlatform(0)
Refreshing native plugins compatible for Editor in 0.38 ms, found 1 plugins.
Preloading 0 native plugins for Editor in 0.00 ms.
Unloading 1818 Unused Serialized files (Serialized files now loaded: 0)
System memory in use before: 88.5 MB.
System memory in use after: 88.5 MB.

Unloading 12 unused Assets to reduce memory usage. Loaded Objects now: 2345.
Total: 2.167600 ms (FindLiveObjects: 0.200900 ms CreateObjectMapping: 0.074500 ms MarkObjects: 1.772900 ms  DeleteObjects: 0.117100 ms)

AssetImportParameters requested are different than current active one (requested -> active):
  custom:graphics/normal-map-encoding: 01000000000000000000000000000000 -> 02000000000000000000000000000000
========================================================================
Received Prepare
Registering precompiled user dll's ...
Registered in 0.001267 seconds.
Begin MonoManager ReloadAssembly
Native extension for WindowsStandalone target not found
Refreshing native plugins compatible for Editor in 0.63 ms, found 1 plugins.
Preloading 0 native plugins for Editor in 0.00 ms.
Invoked RoslynAnalysisRunner static constructor.
RoslynAnalysisRunner will not be running.
RoslynAnalysisRunner has terminated.
Mono: successfully reloaded assembly
- Completed reload, in  1.711 seconds
Platform modules already initialized, skipping
Switching build target platform(5) subTarget(0) extendedPlatform(0) -> platform(13) subTarget(537395200) extendedPlatform(0)
Refreshing native plugins compatible for Editor in 0.64 ms, found 1 plugins.
Preloading 0 native plugins for Editor in 0.00 ms.
Unloading 1818 Unused Serialized files (Serialized files now loaded: 0)
System memory in use before: 88.5 MB.
System memory in use after: 88.5 MB.

Unloading 12 unused Assets to reduce memory usage. Loaded Objects now: 2349.
Total: 3.064200 ms (FindLiveObjects: 0.591700 ms CreateObjectMapping: 0.318700 ms MarkObjects: 2.019600 ms  DeleteObjects: 0.132400 ms)

AssetImportParameters requested are different than current active one (requested -> active):
  custom:graphics/normal-map-encoding: 01000000000000000000000000000000 -> 02000000000000000000000000000000
========================================================================
Received Prepare
Registering precompiled user dll's ...
Registered in 0.001249 seconds.
Begin MonoManager ReloadAssembly
Native extension for WindowsStandalone target not found
Refreshing native plugins compatible for Editor in 0.42 ms, found 1 plugins.
Preloading 0 native plugins for Editor in 0.00 ms.
Invoked RoslynAnalysisRunner static constructor.
RoslynAnalysisRunner will not be running.
RoslynAnalysisRunner has terminated.
Mono: successfully reloaded assembly
- Completed reload, in  1.352 seconds
Platform modules already initialized, skipping
Switching build target platform(5) subTarget(0) extendedPlatform(0) -> platform(13) subTarget(537395200) extendedPlatform(0)
Refreshing native plugins compatible for Editor in 0.43 ms, found 1 plugins.
Preloading 0 native plugins for Editor in 0.00 ms.
Unloading 1818 Unused Serialized files (Serialized files now loaded: 0)
System memory in use before: 88.5 MB.
System memory in use after: 88.5 MB.

Unloading 12 unused Assets to reduce memory usage. Loaded Objects now: 2353.
Total: 2.279000 ms (FindLiveObjects: 0.240100 ms CreateObjectMapping: 0.092900 ms MarkObjects: 1.797700 ms  DeleteObjects: 0.147000 ms)

AssetImportParameters requested are different than current active one (requested -> active):
  custom:graphics/normal-map-encoding: 01000000000000000000000000000000 -> 02000000000000000000000000000000
AssetImportWorkerClient::OnTransportError - code=2 error=End of file
